<?xml version="1.0" encoding="UTF-8"?>
<robot generator="Robot 7.0.1 (Python 3.13.7 on win32)" generated="2025-11-10T11:04:26.212051" rpa="false" schemaversion="5">
<suite id="s1" name="Test Import Page" source="C:\Users\jewiggins\Desktop\workout-tracker\tests\test_import_page.robot">
<kw name="Navigate To Import Page From Login" owner="import_page" type="SETUP">
<kw name="Open Browser" owner="SeleniumLibrary">
<msg time="2025-11-10T11:04:27.233812" level="INFO">Opening browser 'chrome' to base url 'http://localhost:3000/'.</msg>
<arg>http://localhost:3000/</arg>
<arg>chrome</arg>
<doc>Opens a new browser instance to the optional ``url``.</doc>
<status status="PASS" start="2025-11-10T11:04:27.232000" elapsed="5.498107"/>
</kw>
<kw name="Maximize Browser Window" owner="SeleniumLibrary">
<doc>Maximizes current browser window.</doc>
<status status="PASS" start="2025-11-10T11:04:32.732825" elapsed="0.255241"/>
</kw>
<kw name="Wait Until Page Contains Element" owner="SeleniumLibrary">
<arg>xpath=//input[@type='email']</arg>
<arg>timeout=10s</arg>
<doc>Waits until the element ``locator`` appears on the current page.</doc>
<status status="PASS" start="2025-11-10T11:04:32.988296" elapsed="0.658176"/>
</kw>
<kw name="Input Text" owner="SeleniumLibrary">
<msg time="2025-11-10T11:04:33.646991" level="INFO">Typing text 'whiskeyhammer@outlook.com' into text field 'xpath=//input[@type='email']'.</msg>
<arg>xpath=//input[@type='email']</arg>
<arg>${email}</arg>
<doc>Types the given ``text`` into the text field identified by ``locator``.</doc>
<status status="PASS" start="2025-11-10T11:04:33.646706" elapsed="0.391900"/>
</kw>
<kw name="Input Text" owner="SeleniumLibrary">
<msg time="2025-11-10T11:04:34.039346" level="INFO">Typing text 'workouttrackerpassy' into text field 'xpath=//input[@type='password']'.</msg>
<arg>xpath=//input[@type='password']</arg>
<arg>${password}</arg>
<doc>Types the given ``text`` into the text field identified by ``locator``.</doc>
<status status="PASS" start="2025-11-10T11:04:34.039071" elapsed="0.146070"/>
</kw>
<kw name="Click Button" owner="SeleniumLibrary">
<msg time="2025-11-10T11:04:34.185704" level="INFO">Clicking button 'xpath=//button[@type='submit']'.</msg>
<arg>xpath=//button[@type='submit']</arg>
<doc>Clicks the button identified by ``locator``.</doc>
<status status="PASS" start="2025-11-10T11:04:34.185435" elapsed="0.190140"/>
</kw>
<kw name="Wait Until Page Contains Element" owner="SeleniumLibrary">
<msg time="2025-11-10T11:04:44.766741" level="INFO" html="true">&lt;/td&gt;&lt;/tr&gt;&lt;tr&gt;&lt;td colspan="3"&gt;&lt;a href="selenium-screenshot-1.png"&gt;&lt;img src="selenium-screenshot-1.png" width="800px"&gt;&lt;/a&gt;</msg>
<msg time="2025-11-10T11:04:44.766955" level="FAIL">Element 'xpath=//button[text()='Create New Workout']' did not appear in 10 seconds.</msg>
<arg>xpath=//button[text()='Create New Workout']</arg>
<arg>timeout=10s</arg>
<doc>Waits until the element ``locator`` appears on the current page.</doc>
<status status="FAIL" start="2025-11-10T11:04:34.375731" elapsed="10.501934">Element 'xpath=//button[text()='Create New Workout']' did not appear in 10 seconds.</status>
</kw>
<kw name="Click Button" owner="SeleniumLibrary">
<arg>xpath=//button[text()='Create New Workout']</arg>
<doc>Clicks the button identified by ``locator``.</doc>
<status status="NOT RUN" start="2025-11-10T11:04:44.877882" elapsed="0.000023"/>
</kw>
<kw name="Wait Until Page Contains Element" owner="SeleniumLibrary">
<arg>xpath=//input[@name='workoutName']</arg>
<arg>timeout=5s</arg>
<doc>Waits until the element ``locator`` appears on the current page.</doc>
<status status="NOT RUN" start="2025-11-10T11:04:44.877958" elapsed="0.000011"/>
</kw>
<kw name="Input Text" owner="SeleniumLibrary">
<arg>xpath=//input[@name='workoutName']</arg>
<arg>${workout_name}</arg>
<doc>Types the given ``text`` into the text field identified by ``locator``.</doc>
<status status="NOT RUN" start="2025-11-10T11:04:44.878017" elapsed="0.000010"/>
</kw>
<kw name="Click Button" owner="SeleniumLibrary">
<arg>xpath=//button[text()='Continue']</arg>
<doc>Clicks the button identified by ``locator``.</doc>
<status status="NOT RUN" start="2025-11-10T11:04:44.878068" elapsed="0.000009"/>
</kw>
<kw name="Wait Until Location Contains" owner="SeleniumLibrary">
<arg>/import</arg>
<arg>timeout=10s</arg>
<doc>Waits until the current URL contains ``expected``.</doc>
<status status="NOT RUN" start="2025-11-10T11:04:44.878120" elapsed="0.000010"/>
</kw>
<kw name="Wait Until Page Contains Element" owner="SeleniumLibrary">
<arg>${ADD_EXERCISE_BTN}</arg>
<arg>timeout=5s</arg>
<doc>Waits until the element ``locator`` appears on the current page.</doc>
<status status="NOT RUN" start="2025-11-10T11:04:44.878172" elapsed="0.000010"/>
</kw>
<doc>Complete navigation from login page to import page</doc>
<status status="FAIL" start="2025-11-10T11:04:27.231295" elapsed="17.646981">Element 'xpath=//button[text()='Create New Workout']' did not appear in 10 seconds.</status>
</kw>
<test id="s1-t1" name="Verify Initial Page Elements Are Visible" line="10">
<doc>STATE: initial_import_page</doc>
<tag>initial_state</tag>
<tag>smoke</tag>
<status status="FAIL" start="2025-11-10T11:04:44.878370" elapsed="0.000425">Parent suite setup failed:
Element 'xpath=//button[text()='Create New Workout']' did not appear in 10 seconds.</status>
</test>
<test id="s1-t2" name="Verify Add Exercise Modal Opens And Closes" line="16">
<doc>STATE TRANSITIONS: initial -&gt; modal -&gt; initial</doc>
<tag>modal</tag>
<tag>state_transition</tag>
<status status="FAIL" start="2025-11-10T11:04:44.879523" elapsed="0.000333">Parent suite setup failed:
Element 'xpath=//button[text()='Create New Workout']' did not appear in 10 seconds.</status>
</test>
<test id="s1-t3" name="Add Single Exercise Via Modal" line="24">
<doc>Test adding a single exercise to the table</doc>
<tag>add_exercise</tag>
<tag>core_functionality</tag>
<status status="FAIL" start="2025-11-10T11:04:44.880347" elapsed="0.000415">Parent suite setup failed:
Element 'xpath=//button[text()='Create New Workout']' did not appear in 10 seconds.</status>
</test>
<test id="s1-t4" name="Add Multiple Exercises Via Modal" line="34">
<doc>Test adding multiple exercises in one modal session</doc>
<tag>add_exercise</tag>
<tag>multiple</tag>
<status status="FAIL" start="2025-11-10T11:04:44.881481" elapsed="0.000267">Parent suite setup failed:
Element 'xpath=//button[text()='Create New Workout']' did not appear in 10 seconds.</status>
</test>
<test id="s1-t5" name="Remove Exercise From Table" line="47">
<doc>Test removing an exercise from the table</doc>
<tag>core_functionality</tag>
<tag>remove_exercise</tag>
<status status="FAIL" start="2025-11-10T11:04:44.882093" elapsed="0.000232">Parent suite setup failed:
Element 'xpath=//button[text()='Create New Workout']' did not appear in 10 seconds.</status>
</test>
<test id="s1-t6" name="Search For Exercise Using Search Input" line="61">
<doc>STATE TRANSITION: add_exercise_modal_open -&gt; exercise_filtered</doc>
<tag>filter</tag>
<tag>search</tag>
<status status="FAIL" start="2025-11-10T11:04:44.882808" elapsed="0.000272">Parent suite setup failed:
Element 'xpath=//button[text()='Create New Workout']' did not appear in 10 seconds.</status>
</test>
<test id="s1-t7" name="Search And Add Filtered Exercise" line="79">
<doc>Search for exercise, then add it to table</doc>
<tag>add_exercise</tag>
<tag>search</tag>
<status status="FAIL" start="2025-11-10T11:04:44.883511" elapsed="0.000295">Parent suite setup failed:
Element 'xpath=//button[text()='Create New Workout']' did not appear in 10 seconds.</status>
</test>
<test id="s1-t8" name="Add Multiple Exercises Then Remove One" line="89">
<doc>Complex workflow: add multiple, then remove specific one</doc>
<tag>complex_workflow</tag>
<status status="FAIL" start="2025-11-10T11:04:44.884368" elapsed="0.000340">Parent suite setup failed:
Element 'xpath=//button[text()='Create New Workout']' did not appear in 10 seconds.</status>
</test>
<test id="s1-t9" name="Close Modal Without Selecting Exercise" line="104">
<doc>Verify closing modal without selections makes no changes</doc>
<tag>modal</tag>
<tag>negative_test</tag>
<status status="FAIL" start="2025-11-10T11:04:44.885084" elapsed="0.000413">Parent suite setup failed:
Element 'xpath=//button[text()='Create New Workout']' did not appear in 10 seconds.</status>
</test>
<test id="s1-t10" name="Select Then Deselect Exercise" line="116">
<doc>Test checkbox toggle behavior</doc>
<tag>checkbox</tag>
<tag>interaction</tag>
<status status="FAIL" start="2025-11-10T11:04:44.886165" elapsed="0.000313">Parent suite setup failed:
Element 'xpath=//button[text()='Create New Workout']' did not appear in 10 seconds.</status>
</test>
<test id="s1-t11" name="Add All Available Exercises" line="133">
<doc>Test adding all five available exercises</doc>
<tag>add_exercise</tag>
<tag>bulk</tag>
<status status="FAIL" start="2025-11-10T11:04:44.887001" elapsed="0.000251">Parent suite setup failed:
Element 'xpath=//button[text()='Create New Workout']' did not appear in 10 seconds.</status>
</test>
<test id="s1-t12" name="Search With No Results" line="146">
<doc>Test search that returns no results</doc>
<tag>edge_case</tag>
<tag>search</tag>
<status status="FAIL" start="2025-11-10T11:04:44.887645" elapsed="0.000240">Parent suite setup failed:
Element 'xpath=//button[text()='Create New Workout']' did not appear in 10 seconds.</status>
</test>
<test id="s1-t13" name="Verify Import From Previous Workout Button Exists" line="159">
<doc>Verify the Import from Previous Workout button is present</doc>
<tag>smoke</tag>
<status status="FAIL" start="2025-11-10T11:04:44.888342" elapsed="0.000283">Parent suite setup failed:
Element 'xpath=//button[text()='Create New Workout']' did not appear in 10 seconds.</status>
</test>
<test id="s1-t14" name="Verify Table Headers Are Correct" line="166">
<doc>Verify table has correct column headers</doc>
<tag>smoke</tag>
<tag>table</tag>
<status status="FAIL" start="2025-11-10T11:04:44.889026" elapsed="0.000239">Parent suite setup failed:
Element 'xpath=//button[text()='Create New Workout']' did not appear in 10 seconds.</status>
</test>
<test id="s1-t15" name="Verify Modal Search Is Case Insensitive" line="173">
<doc>Test search functionality is case insensitive</doc>
<tag>search</tag>
<status status="FAIL" start="2025-11-10T11:04:44.889602" elapsed="0.000212">Parent suite setup failed:
Element 'xpath=//button[text()='Create New Workout']' did not appear in 10 seconds.</status>
</test>
<test id="s1-t16" name="Add Exercise Then Reopen Modal" line="188">
<doc>Verify modal state resets after adding exercise</doc>
<tag>modal</tag>
<tag>state_management</tag>
<status status="FAIL" start="2025-11-10T11:04:44.890138" elapsed="0.000209">Parent suite setup failed:
Element 'xpath=//button[text()='Create New Workout']' did not appear in 10 seconds.</status>
</test>
<kw name="Close Browser" owner="SeleniumLibrary" type="TEARDOWN">
<doc>Closes the current browser.</doc>
<status status="PASS" start="2025-11-10T11:04:44.890986" elapsed="2.296108"/>
</kw>
<doc>Comprehensive tests for Import Page covering all dynamic states and interactions</doc>
<status status="FAIL" start="2025-11-10T11:04:26.217219" elapsed="20.969985">Suite setup failed:
Element 'xpath=//button[text()='Create New Workout']' did not appear in 10 seconds.</status>
</suite>
<statistics>
<total>
<stat pass="0" fail="16" skip="0">All Tests</stat>
</total>
<tag>
<stat pass="0" fail="4" skip="0">add_exercise</stat>
<stat pass="0" fail="1" skip="0">bulk</stat>
<stat pass="0" fail="1" skip="0">checkbox</stat>
<stat pass="0" fail="1" skip="0">complex_workflow</stat>
<stat pass="0" fail="2" skip="0">core_functionality</stat>
<stat pass="0" fail="1" skip="0">edge_case</stat>
<stat pass="0" fail="1" skip="0">filter</stat>
<stat pass="0" fail="1" skip="0">initial_state</stat>
<stat pass="0" fail="1" skip="0">interaction</stat>
<stat pass="0" fail="3" skip="0">modal</stat>
<stat pass="0" fail="1" skip="0">multiple</stat>
<stat pass="0" fail="1" skip="0">negative_test</stat>
<stat pass="0" fail="1" skip="0">remove_exercise</stat>
<stat pass="0" fail="4" skip="0">search</stat>
<stat pass="0" fail="3" skip="0">smoke</stat>
<stat pass="0" fail="1" skip="0">state_management</stat>
<stat pass="0" fail="1" skip="0">state_transition</stat>
<stat pass="0" fail="1" skip="0">table</stat>
</tag>
<suite>
<stat pass="0" fail="16" skip="0" id="s1" name="Test Import Page">Test Import Page</stat>
</suite>
</statistics>
<errors>
<msg time="2025-11-10T11:04:26.343348" level="WARN">Error in file 'C:\Users\jewiggins\Desktop\workout-tracker\tests\import_page.resource' on line 158: The '[Return]' setting is deprecated. Use the 'RETURN' statement instead.</msg>
</errors>
</robot>
