<?xml version="1.0" encoding="UTF-8"?>
<robot generator="Robot 7.3.2 (Python 3.14.0 on win32)" generated="2025-11-11T09:38:17.867465" rpa="false" schemaversion="5">
<suite id="s1" name="Workout-Tracker" source="C:\Users\jewiggins\Desktop\workout-tracker">
<suite id="s1-s1" name="Tests" source="C:\Users\jewiggins\Desktop\workout-tracker\tests">
<suite id="s1-s1-s1" name="Import Page" source="C:\Users\jewiggins\Desktop\workout-tracker\tests\import_page.robot">
<kw name="Open Browser And Login" owner="common" type="SETUP">
<kw name="Set Screenshot Directory" owner="SeleniumLibrary">
<arg>${OUTPUT_DIR}</arg>
<doc>Sets the directory for captured screenshots.</doc>
<status status="PASS" start="2025-11-11T09:38:18.136001" elapsed="0.000667"/>
</kw>
<kw name="Open Browser" owner="SeleniumLibrary">
<msg time="2025-11-11T09:38:18.137460" level="INFO">Opening browser 'Chrome' to base url 'http://localhost:3000'.</msg>
<arg>${URL}</arg>
<arg>${BROWSER}</arg>
<doc>Opens a new browser instance to the optional ``url``.</doc>
<status status="PASS" start="2025-11-11T09:38:18.136990" elapsed="2.121422"/>
</kw>
<kw name="Maximize Browser Window" owner="SeleniumLibrary">
<doc>Maximizes current browser window.</doc>
<status status="PASS" start="2025-11-11T09:38:20.258834" elapsed="0.831601"/>
</kw>
<kw name="Set Selenium Speed" owner="SeleniumLibrary">
<arg>0.5</arg>
<doc>Sets the delay that is waited after each Selenium command.</doc>
<status status="PASS" start="2025-11-11T09:38:21.090824" elapsed="0.000561"/>
</kw>
<kw name="Wait Until Page Contains Element" owner="SeleniumLibrary">
<arg>//input[@placeholder='you@example.com']</arg>
<arg>10s</arg>
<doc>Waits until the element ``locator`` appears on the current page.</doc>
<status status="PASS" start="2025-11-11T09:38:21.091648" elapsed="0.528714"/>
</kw>
<kw name="Input Text" owner="SeleniumLibrary">
<msg time="2025-11-11T09:38:21.621003" level="INFO">Typing text 'whiskeyhammer@outlook.com' into text field '//input[@placeholder='you@example.com']'.</msg>
<arg>//input[@placeholder='you@example.com']</arg>
<arg>${USERNAME}</arg>
<doc>Types the given ``text`` into the text field identified by ``locator``.</doc>
<status status="PASS" start="2025-11-11T09:38:21.620612" elapsed="1.635098"/>
</kw>
<kw name="Input Text" owner="SeleniumLibrary">
<msg time="2025-11-11T09:38:23.256654" level="INFO">Typing text 'workouttrackerpassy' into text field '//input[@type='password']'.</msg>
<arg>//input[@type='password']</arg>
<arg>${PASSWORD}</arg>
<doc>Types the given ``text`` into the text field identified by ``locator``.</doc>
<status status="PASS" start="2025-11-11T09:38:23.256151" elapsed="1.571531"/>
</kw>
<kw name="Click Button" owner="SeleniumLibrary">
<msg time="2025-11-11T09:38:24.828299" level="INFO">Clicking button '//button[@type='submit']'.</msg>
<arg>//button[@type='submit']</arg>
<doc>Clicks the button identified by ``locator``.</doc>
<status status="PASS" start="2025-11-11T09:38:24.827945" elapsed="2.575011"/>
</kw>
<kw name="Wait Until Page Contains Element" owner="SeleniumLibrary">
<arg>${CREATE_NEW_BTN}</arg>
<arg>10s</arg>
<doc>Waits until the element ``locator`` appears on the current page.</doc>
<status status="PASS" start="2025-11-11T09:38:27.403433" elapsed="0.512613"/>
</kw>
<status status="PASS" start="2025-11-11T09:38:18.134764" elapsed="9.781551"/>
</kw>
<test id="s1-s1-s1-t1" name="Create a manual workout" line="15">
<kw name="Go to import page" owner="import_page">
<kw name="Open New Workout Modal" owner="workout_library">
<kw name="Click Element" owner="SeleniumLibrary">
<msg time="2025-11-11T09:38:27.932142" level="INFO">Clicking element '//button[contains(text(), 'Create New Workout')]'.</msg>
<arg>${CREATE_NEW_BTN}</arg>
<doc>Click the element identified by ``locator``.</doc>
<status status="PASS" start="2025-11-11T09:38:27.931822" elapsed="1.121316"/>
</kw>
<kw name="Wait Until Page Contains Element" owner="SeleniumLibrary">
<arg>${NEW_MODAL}</arg>
<arg>5s</arg>
<doc>Waits until the element ``locator`` appears on the current page.</doc>
<status status="PASS" start="2025-11-11T09:38:29.053434" elapsed="0.519779"/>
</kw>
<status status="PASS" start="2025-11-11T09:38:27.931386" elapsed="1.642076"/>
</kw>
<kw name="Input Text" owner="SeleniumLibrary">
<msg time="2025-11-11T09:38:29.574626" level="INFO">Typing text 'Test Workout' into text field '//input[@placeholder='e.g., Upper Body Day']'.</msg>
<arg>${NEW_MODAL_INPUT}</arg>
<arg>Test Workout</arg>
<doc>Types the given ``text`` into the text field identified by ``locator``.</doc>
<status status="PASS" start="2025-11-11T09:38:29.573737" elapsed="1.610372"/>
</kw>
<kw name="Click Element" owner="SeleniumLibrary">
<msg time="2025-11-11T09:38:31.185630" level="INFO">Clicking element '//div[.//h2[text()='Create New Workout']]//button[text()='Continue']'.</msg>
<arg>${NEW_MODAL_CONTINUE}</arg>
<doc>Click the element identified by ``locator``.</doc>
<status status="PASS" start="2025-11-11T09:38:31.184712" elapsed="1.082076"/>
</kw>
<kw name="Wait Until Element Is Visible" owner="SeleniumLibrary">
<arg>${WORKOUT_TITLE}</arg>
<doc>Waits until the element ``locator`` is visible.</doc>
<status status="PASS" start="2025-11-11T09:38:32.267182" elapsed="1.031919"/>
</kw>
<kw name="Element Text Should Be" owner="SeleniumLibrary">
<msg time="2025-11-11T09:38:33.300644" level="INFO">Verifying element '//h1' contains exact text 'Test Workout'.</msg>
<arg>${WORKOUT_TITLE}</arg>
<arg>Test Workout</arg>
<doc>Verifies that element ``locator`` contains exact the text ``expected``.</doc>
<status status="PASS" start="2025-11-11T09:38:33.299666" elapsed="1.038221"/>
</kw>
<status status="PASS" start="2025-11-11T09:38:27.930682" elapsed="6.407439"/>
</kw>
<kw name="Click Element" owner="SeleniumLibrary">
<msg time="2025-11-11T09:38:34.339623" level="INFO">Clicking element '//button[.//p[contains(text(),'Create Workout Manually')]]'.</msg>
<arg>${MANUAL_IMPORT_BTN}</arg>
<doc>Click the element identified by ``locator``.</doc>
<status status="PASS" start="2025-11-11T09:38:34.338564" elapsed="1.132412"/>
</kw>
<kw name="Wait Until Element Is Visible" owner="SeleniumLibrary">
<arg>${EXERCISE_NAME_INPUT}</arg>
<doc>Waits until the element ``locator`` is visible.</doc>
<status status="PASS" start="2025-11-11T09:38:35.471647" elapsed="1.027343"/>
</kw>
<kw name="Input Text" owner="SeleniumLibrary">
<msg time="2025-11-11T09:38:36.500155" level="INFO">Typing text 'Pullups' into text field '//label[text()='Exercise Name']/following-sibling::input'.</msg>
<arg>${EXERCISE_NAME_INPUT}</arg>
<arg>Pullups</arg>
<doc>Types the given ``text`` into the text field identified by ``locator``.</doc>
<status status="PASS" start="2025-11-11T09:38:36.499698" elapsed="1.575356"/>
</kw>
<kw name="Input Text" owner="SeleniumLibrary">
<msg time="2025-11-11T09:38:38.076393" level="INFO">Typing text '2' into text field '//label[text()='Number of Sets']/following-sibling::input'.</msg>
<arg>${EXERCISE_SETS_INPUT}</arg>
<arg>2</arg>
<doc>Types the given ``text`` into the text field identified by ``locator``.</doc>
<status status="PASS" start="2025-11-11T09:38:38.075787" elapsed="1.594656"/>
</kw>
<kw name="Click Element" owner="SeleniumLibrary">
<msg time="2025-11-11T09:38:39.671810" level="INFO">Clicking element '//button[contains(text(),'Add')]'.</msg>
<arg>${SAVE_BTN}</arg>
<doc>Click the element identified by ``locator``.</doc>
<status status="PASS" start="2025-11-11T09:38:39.671298" elapsed="1.115726"/>
</kw>
<kw name="Wait Until Element Is Visible" owner="SeleniumLibrary">
<arg>${EXERCISE_TITLE_PULLUPS}</arg>
<doc>Waits until the element ``locator`` is visible.</doc>
<status status="PASS" start="2025-11-11T09:38:40.787652" elapsed="1.021278"/>
</kw>
<kw name="Get WebElements" owner="SeleniumLibrary">
<msg time="2025-11-11T09:38:42.331948" level="INFO">${sets} = [&lt;selenium.webdriver.remote.webelement.WebElement (session="1ebf7307594f60a196ac481f4a8c710d", element="f.FB3D04E09A0FD00CCE20C69B55823162.d.17824694397CCF949F0E48A14228D860.e.42")&gt;, &lt;selenium.webdriv...</msg>
<var>${sets}</var>
<arg>${SET_ROWS}</arg>
<doc>Returns a list of WebElement objects matching the ``locator``.</doc>
<status status="PASS" start="2025-11-11T09:38:41.809775" elapsed="0.522635"/>
</kw>
<kw name="Get Length" owner="BuiltIn">
<msg time="2025-11-11T09:38:42.333674" level="INFO">Length is 2.</msg>
<msg time="2025-11-11T09:38:42.334182" level="INFO">${set_count} = 2</msg>
<var>${set_count}</var>
<arg>${sets}</arg>
<doc>Returns and logs the length of the given item as an integer.</doc>
<status status="PASS" start="2025-11-11T09:38:42.333074" elapsed="0.001511"/>
</kw>
<kw name="Should Be Equal" owner="BuiltIn">
<arg>'${set_count}'</arg>
<arg>'2'</arg>
<doc>Fails if the given objects are unequal.</doc>
<status status="PASS" start="2025-11-11T09:38:42.335079" elapsed="0.000893"/>
</kw>
<kw name="Click Element" owner="SeleniumLibrary">
<msg time="2025-11-11T09:38:42.336852" level="INFO">Clicking element '//button[./span]'.</msg>
<arg>${EDIT_WORKOUT_BTN}</arg>
<doc>Click the element identified by ``locator``.</doc>
<status status="PASS" start="2025-11-11T09:38:42.336253" elapsed="1.108944"/>
</kw>
<kw name="Sleep" owner="BuiltIn">
<arg>1s</arg>
<doc>Pauses the test executed for the given time.</doc>
<status status="FAIL" start="2025-11-11T09:38:43.446342" elapsed="181.523702">Execution terminated by signal</status>
</kw>
<status status="FAIL" start="2025-11-11T09:38:27.916477" elapsed="197.054103">Execution terminated by signal</status>
</test>
<kw name="Close Browser" owner="SeleniumLibrary" type="TEARDOWN">
<doc>Closes the current browser.</doc>
<status status="PASS" start="2025-11-11T09:41:44.981866" elapsed="2.621977"/>
</kw>
<status status="FAIL" start="2025-11-11T09:38:17.904955" elapsed="209.699049"/>
</suite>
<status status="FAIL" start="2025-11-11T09:38:17.898097" elapsed="209.710985"/>
</suite>
<status status="FAIL" start="2025-11-11T09:38:17.873552" elapsed="209.739295"/>
</suite>
<statistics>
<total>
<stat pass="0" fail="1" skip="0">All Tests</stat>
</total>
<tag>
</tag>
<suite>
<stat name="Workout-Tracker" id="s1" pass="0" fail="1" skip="0">Workout-Tracker</stat>
<stat name="Tests" id="s1-s1" pass="0" fail="1" skip="0">Workout-Tracker.Tests</stat>
<stat name="Import Page" id="s1-s1-s1" pass="0" fail="1" skip="0">Workout-Tracker.Tests.Import Page</stat>
</suite>
</statistics>
<errors>
<msg time="2025-11-11T09:38:18.112123" level="WARN">Error in file 'C:\Users\jewiggins\Desktop\workout-tracker\tests\workout_tracker.resource' on line 78: The '[Return]' setting is deprecated. Use the 'RETURN' statement instead.</msg>
</errors>
</robot>
